<?xml version="1.0" encoding="UTF-8"?>
<!-- Generated by org.testng.reporters.JUnitXMLReporter -->
<testsuite hostname="rahul-mbp15.local" name="Default test" tests="1" failures="0" timestamp="19 Feb 2014 20:44:44 GMT" time="0.026" errors="0">
  <testcase name="@BeforeClass BeforeClass" time="0.0" classname="test.Login">
    <failure type="org.testng.TestNGException" message="
Parameter &amp;apos;browser_type&amp;apos; is required by @Configuration on method BeforeClass but has not been marked @Optional or defined
in /private/var/folders/gr/nx15q86j2992y2hb11hkz2mm0000gn/T/testng-eclipse--1504190769/testng-customsuite.xml">
      <![CDATA[org.testng.TestNGException: 
Parameter 'browser_type' is required by @Configuration on method BeforeClass but has not been marked @Optional or defined
in /private/var/folders/gr/nx15q86j2992y2hb11hkz2mm0000gn/T/testng-eclipse--1504190769/testng-customsuite.xml
	at org.testng.internal.Parameters.createParameters(Parameters.java:155)
	at org.testng.internal.Parameters.createParameters(Parameters.java:358)
	at org.testng.internal.Parameters.createConfigurationParameters(Parameters.java:86)
	at org.testng.internal.Invoker.invokeConfigurations(Invoker.java:199)
	at org.testng.internal.Invoker.invokeConfigurations(Invoker.java:138)
	at org.testng.internal.TestMethodWorker.invokeBeforeClassMethods(TestMethodWorker.java:175)
	at org.testng.internal.TestMethodWorker.run(TestMethodWorker.java:107)
	at org.testng.TestRunner.privateRun(TestRunner.java:767)
	at org.testng.TestRunner.run(TestRunner.java:617)
	at org.testng.SuiteRunner.runTest(SuiteRunner.java:334)
	at org.testng.SuiteRunner.runSequentially(SuiteRunner.java:329)
	at org.testng.SuiteRunner.privateRun(SuiteRunner.java:291)
	at org.testng.SuiteRunner.run(SuiteRunner.java:240)
	at org.testng.SuiteRunnerWorker.runSuite(SuiteRunnerWorker.java:52)
	at org.testng.SuiteRunnerWorker.run(SuiteRunnerWorker.java:86)
	at org.testng.TestNG.runSuitesSequentially(TestNG.java:1224)
	at org.testng.TestNG.runSuitesLocally(TestNG.java:1149)
	at org.testng.TestNG.run(TestNG.java:1057)
	at org.testng.remote.RemoteTestNG.run(RemoteTestNG.java:111)
	at org.testng.remote.RemoteTestNG.initAndRun(RemoteTestNG.java:204)
	at org.testng.remote.RemoteTestNG.main(RemoteTestNG.java:175)
]]>
    </failure>
  </testcase> <!-- @BeforeClass BeforeClass -->
  <testcase name="EmptyLoginTest" time="0.004" classname="test.Login">
    <skipped/>
  </testcase> <!-- EmptyLoginTest -->
</testsuite> <!-- Default test -->
