<?xml version="1.0" encoding="UTF-8"?>
<!-- Generated by org.testng.reporters.JUnitXMLReporter -->
<testsuite hostname="rahul-mbp15.local" name="test1" tests="1" failures="1" timestamp="14 Feb 2014 21:31:50 GMT" time="2.238" errors="0">
  <testcase name="searchTest" time="0.21" classname="test.Login">
    <failure type="java.lang.NullPointerException">
      <![CDATA[java.lang.NullPointerException
	at test.PropertyConfig.getUsername(PropertyConfig.java:16)
	at test.Login.searchTest(Login.java:32)
... Removed 24 stack frames]]>
    </failure>
  </testcase> <!-- searchTest -->
</testsuite> <!-- test1 -->
