<?xml version="1.0" encoding="UTF-8"?>
<!-- Generated by org.testng.reporters.JUnitXMLReporter -->
<testsuite hostname="rahul-mbp15.local" name="test1" tests="5" failures="0" timestamp="17 Feb 2014 21:28:02 GMT" time="29.937" errors="0">
  <testcase name="EmptyLoginTest" time="1.498" classname="test.Login"/>
  <testcase name="InvalidLoginTest" time="1.327" classname="test.Login"/>
  <testcase name="HomeTest" time="6.999" classname="test.Home"/>
  <testcase name="statusEmpty" time="4.977" classname="test.Home"/>
  <testcase name="logoutTest" time="1.806" classname="test.Logout"/>
</testsuite> <!-- test1 -->
