<?xml version="1.0" encoding="UTF-8"?>
<!-- Generated by org.testng.reporters.JUnitXMLReporter -->
<testsuite hostname="rahul-mbp15.local" name="Test1 - FireFox" tests="8" failures="0" timestamp="20 Feb 2014 21:33:06 GMT" time="38.07" errors="0">
  <testcase name="EmptyLoginTest" time="4.334" classname="test.Login"/>
  <testcase name="InvalidLoginTest" time="1.148" classname="test.Login"/>
  <testcase name="HomeTest" time="6.15" classname="test.Home"/>
  <testcase name="dropDown" time="7.928" classname="test.Home"/>
  <testcase name="statusEmpty" time="2.66" classname="test.Home"/>
  <testcase name="statusHappy" time="1.842" classname="test.Home"/>
  <testcase name="toolTip" time="1.0" classname="test.Home"/>
  <testcase name="logoutTest" time="1.795" classname="test.Logout"/>
</testsuite> <!-- Test1 - FireFox -->
