<?xml version="1.0" encoding="UTF-8"?>
<testng-results skipped="0" failed="0" total="1" passed="1">
  <reporter-output>
  </reporter-output>
  <suite name="Suite1" duration-ms="9242" started-at="2014-02-14T06:58:48Z" finished-at="2014-02-14T06:58:57Z">
    <groups>
    </groups>
    <test name="test1" duration-ms="9242" started-at="2014-02-14T06:58:48Z" finished-at="2014-02-14T06:58:57Z">
      <class name="test.Login">
        <test-method status="PASS" signature="beforeTest()[pri:0, instance:test.Login@46a8b23b]" name="beforeTest" is-config="true" duration-ms="2676" started-at="2014-02-13T22:58:48Z" finished-at="2014-02-13T22:58:50Z">
          <reporter-output>
          </reporter-output>
        </test-method> <!-- beforeTest -->
        <test-method status="PASS" signature="searchTest()[pri:0, instance:test.Login@46a8b23b]" name="searchTest" duration-ms="6463" started-at="2014-02-13T22:58:50Z" finished-at="2014-02-13T22:58:57Z">
          <reporter-output>
          </reporter-output>
        </test-method> <!-- searchTest -->
        <test-method status="PASS" signature="afterClass()[pri:0, instance:test.Login@46a8b23b]" name="afterClass" is-config="true" duration-ms="90" started-at="2014-02-13T22:58:57Z" finished-at="2014-02-13T22:58:57Z">
          <reporter-output>
          </reporter-output>
        </test-method> <!-- afterClass -->
      </class> <!-- test.Login -->
    </test> <!-- test1 -->
  </suite> <!-- Suite1 -->
</testng-results>
