<?xml version="1.0" encoding="UTF-8"?>
<testng-results skipped="0" failed="1" total="16" passed="15">
  <reporter-output>
    <line>
      <![CDATA[Saved <a href=/users/administrator/richa/data/20_Feb_2014__01_32_49PM.png>Screenshot</a>]]>
    </line>
  </reporter-output>
  <suite name="Suite1" duration-ms="38070" started-at="2014-02-20T21:32:28Z" finished-at="2014-02-20T21:33:06Z">
    <groups>
    </groups>
    <test name="Test2 - Chrome" duration-ms="21473" started-at="2014-02-20T21:32:28Z" finished-at="2014-02-20T21:32:49Z">
      <class name="test.Home">
        <test-method status="PASS" signature="HomeTest()[pri:0, instance:test.Home@7b5b2e86]" name="HomeTest" duration-ms="6192" started-at="2014-02-20T13:32:33Z" description="load elements and check for the element" finished-at="2014-02-20T13:32:39Z">
          <reporter-output>
          </reporter-output>
        </test-method> <!-- HomeTest -->
        <test-method status="PASS" signature="dropDown()[pri:0, instance:test.Home@7b5b2e86]" name="dropDown" duration-ms="3856" started-at="2014-02-20T13:32:39Z" description="Drop Down element" finished-at="2014-02-20T13:32:43Z">
          <reporter-output>
          </reporter-output>
        </test-method> <!-- dropDown -->
        <test-method status="PASS" signature="statusEmpty()[pri:0, instance:test.Home@7b5b2e86]" name="statusEmpty" duration-ms="2732" started-at="2014-02-20T13:32:43Z" description="handle pop-up for empty status" finished-at="2014-02-20T13:32:46Z">
          <reporter-output>
          </reporter-output>
        </test-method> <!-- statusEmpty -->
        <test-method status="PASS" signature="statusHappy()[pri:0, instance:test.Home@7b5b2e86]" name="statusHappy" duration-ms="2340" started-at="2014-02-20T13:32:46Z" description="update happy status" finished-at="2014-02-20T13:32:48Z">
          <reporter-output>
          </reporter-output>
        </test-method> <!-- statusHappy -->
        <test-method status="PASS" signature="toolTip()[pri:0, instance:test.Home@7b5b2e86]" name="toolTip" duration-ms="268" started-at="2014-02-20T13:32:48Z" description="Find the tool tip" finished-at="2014-02-20T13:32:48Z">
          <reporter-output>
          </reporter-output>
        </test-method> <!-- toolTip -->
      </class> <!-- test.Home -->
      <class name="test.Logout">
        <test-method status="FAIL" signature="logoutTest()[pri:0, instance:test.Logout@6735a4c2]" name="logoutTest" duration-ms="186" started-at="2014-02-20T13:32:48Z" description="Logout" finished-at="2014-02-20T13:32:49Z">
          <exception class="org.openqa.selenium.WebDriverException">
            <message>
              <![CDATA[unknown error: Element is not clickable at point (1009, 20). Other element would receive the click: <div class="_10 uiLayer _4-hy _3qw" role="dialog" tabindex="0" style="min-width: 1050px;">...</div>
  (Session info: chrome=33.0.1750.117)
  (Driver info: chromedriver=2.9.248307,platform=Mac OS X 10.8.5 x86_64) (WARNING: The server did not provide any stacktrace information)
Command duration or timeout: 122 milliseconds
Build info: version: '2.39.0', revision: 'ff23eac', time: '2013-12-16 16:11:15'
System info: host: 'rahul-mbp15.local', ip: '192.168.2.107', os.name: 'Mac OS X', os.arch: 'x86_64', os.version: '10.8.5', java.version: '1.7.0_51'
Session ID: 79a51abbdee240ba0050260780c5339e
Driver info: org.openqa.selenium.chrome.ChromeDriver
Capabilities [{platform=MAC, acceptSslCerts=true, javascriptEnabled=true, browserName=chrome, chrome={userDataDir=/var/folders/gr/nx15q86j2992y2hb11hkz2mm0000gn/T/.org.chromium.Chromium.J2r44I}, rotatable=false, locationContextEnabled=true, version=33.0.1750.117, takesHeapSnapshot=true, cssSelectorsEnabled=true, databaseEnabled=false, handlesAlerts=true, browserConnectionEnabled=false, nativeEvents=true, webStorageEnabled=true, applicationCacheEnabled=false, takesScreenshot=true}]]]>
            </message>
            <full-stacktrace>
              <![CDATA[org.openqa.selenium.WebDriverException: unknown error: Element is not clickable at point (1009, 20). Other element would receive the click: <div class="_10 uiLayer _4-hy _3qw" role="dialog" tabindex="0" style="min-width: 1050px;">...</div>
  (Session info: chrome=33.0.1750.117)
  (Driver info: chromedriver=2.9.248307,platform=Mac OS X 10.8.5 x86_64) (WARNING: The server did not provide any stacktrace information)
Command duration or timeout: 122 milliseconds
Build info: version: '2.39.0', revision: 'ff23eac', time: '2013-12-16 16:11:15'
System info: host: 'rahul-mbp15.local', ip: '192.168.2.107', os.name: 'Mac OS X', os.arch: 'x86_64', os.version: '10.8.5', java.version: '1.7.0_51'
Session ID: 79a51abbdee240ba0050260780c5339e
Driver info: org.openqa.selenium.chrome.ChromeDriver
Capabilities [{platform=MAC, acceptSslCerts=true, javascriptEnabled=true, browserName=chrome, chrome={userDataDir=/var/folders/gr/nx15q86j2992y2hb11hkz2mm0000gn/T/.org.chromium.Chromium.J2r44I}, rotatable=false, locationContextEnabled=true, version=33.0.1750.117, takesHeapSnapshot=true, cssSelectorsEnabled=true, databaseEnabled=false, handlesAlerts=true, browserConnectionEnabled=false, nativeEvents=true, webStorageEnabled=true, applicationCacheEnabled=false, takesScreenshot=true}]
	at sun.reflect.NativeConstructorAccessorImpl.newInstance0(Native Method)
	at sun.reflect.NativeConstructorAccessorImpl.newInstance(NativeConstructorAccessorImpl.java:57)
	at sun.reflect.DelegatingConstructorAccessorImpl.newInstance(DelegatingConstructorAccessorImpl.java:45)
	at java.lang.reflect.Constructor.newInstance(Constructor.java:526)
	at org.openqa.selenium.remote.ErrorHandler.createThrowable(ErrorHandler.java:193)
	at org.openqa.selenium.remote.ErrorHandler.throwIfResponseFailed(ErrorHandler.java:145)
	at org.openqa.selenium.remote.RemoteWebDriver.execute(RemoteWebDriver.java:554)
	at org.openqa.selenium.remote.RemoteWebElement.execute(RemoteWebElement.java:268)
	at org.openqa.selenium.remote.RemoteWebElement.click(RemoteWebElement.java:79)
	at test.Logout.logoutTest(Logout.java:19)
	at sun.reflect.NativeMethodAccessorImpl.invoke0(Native Method)
	at sun.reflect.NativeMethodAccessorImpl.invoke(NativeMethodAccessorImpl.java:57)
	at sun.reflect.DelegatingMethodAccessorImpl.invoke(DelegatingMethodAccessorImpl.java:43)
	at java.lang.reflect.Method.invoke(Method.java:606)
	at org.testng.internal.MethodInvocationHelper.invokeMethod(MethodInvocationHelper.java:84)
	at org.testng.internal.Invoker.invokeMethod(Invoker.java:714)
	at org.testng.internal.Invoker.invokeTestMethod(Invoker.java:901)
	at org.testng.internal.Invoker.invokeTestMethods(Invoker.java:1231)
	at org.testng.internal.TestMethodWorker.invokeTestMethods(TestMethodWorker.java:127)
	at org.testng.internal.TestMethodWorker.run(TestMethodWorker.java:111)
	at org.testng.TestRunner.privateRun(TestRunner.java:767)
	at org.testng.TestRunner.run(TestRunner.java:617)
	at org.testng.SuiteRunner.runTest(SuiteRunner.java:334)
	at org.testng.SuiteRunner.access$000(SuiteRunner.java:37)
	at org.testng.SuiteRunner$SuiteWorker.run(SuiteRunner.java:368)
	at org.testng.internal.thread.ThreadUtil$2.call(ThreadUtil.java:64)
	at java.util.concurrent.FutureTask.run(FutureTask.java:262)
	at java.util.concurrent.ThreadPoolExecutor.runWorker(ThreadPoolExecutor.java:1145)
	at java.util.concurrent.ThreadPoolExecutor$Worker.run(ThreadPoolExecutor.java:615)
	at java.lang.Thread.run(Thread.java:744)
]]>
            </full-stacktrace>
          </exception> <!-- org.openqa.selenium.WebDriverException -->
          <reporter-output>
            <line>
              <![CDATA[Saved <a href=/users/administrator/richa/data/20_Feb_2014__01_32_49PM.png>Screenshot</a>]]>
            </line>
          </reporter-output>
        </test-method> <!-- logoutTest -->
        <test-method status="PASS" signature="afterClass()[pri:0, instance:test.Logout@6735a4c2]" name="afterClass" is-config="true" duration-ms="563" started-at="2014-02-20T13:32:49Z" finished-at="2014-02-20T13:32:49Z">
          <reporter-output>
          </reporter-output>
        </test-method> <!-- afterClass -->
      </class> <!-- test.Logout -->
      <class name="test.Login">
        <test-method status="PASS" signature="BeforeClass(java.lang.String)[pri:0, instance:test.Login@a22ee8c]" name="BeforeClass" is-config="true" duration-ms="1854" started-at="2014-02-20T13:32:28Z" finished-at="2014-02-20T13:32:30Z">
          <params>
            <param index="0">
              <value>
                <![CDATA[chrome]]>
              </value>
            </param>
          </params>
          <reporter-output>
          </reporter-output>
        </test-method> <!-- BeforeClass -->
        <test-method status="PASS" signature="EmptyLoginTest()[pri:0, instance:test.Login@a22ee8c]" name="EmptyLoginTest" duration-ms="2779" started-at="2014-02-20T13:32:30Z" description="Login with no value" finished-at="2014-02-20T13:32:33Z">
          <reporter-output>
          </reporter-output>
        </test-method> <!-- EmptyLoginTest -->
        <test-method status="PASS" signature="InvalidLoginTest()[pri:0, instance:test.Login@a22ee8c]" name="InvalidLoginTest" duration-ms="387" started-at="2014-02-20T13:32:33Z" description="Login with invalid value" finished-at="2014-02-20T13:32:33Z">
          <reporter-output>
          </reporter-output>
        </test-method> <!-- InvalidLoginTest -->
      </class> <!-- test.Login -->
    </test> <!-- Test2 - Chrome -->
    <test name="Test1 - FireFox" duration-ms="38070" started-at="2014-02-20T21:32:28Z" finished-at="2014-02-20T21:33:06Z">
      <class name="test.Home">
        <test-method status="PASS" signature="HomeTest()[pri:0, instance:test.Home@6e26a4ce]" name="HomeTest" duration-ms="6150" started-at="2014-02-20T13:32:45Z" description="load elements and check for the element" finished-at="2014-02-20T13:32:51Z">
          <reporter-output>
          </reporter-output>
        </test-method> <!-- HomeTest -->
        <test-method status="PASS" signature="dropDown()[pri:0, instance:test.Home@6e26a4ce]" name="dropDown" duration-ms="7928" started-at="2014-02-20T13:32:51Z" description="Drop Down element" finished-at="2014-02-20T13:32:59Z">
          <reporter-output>
          </reporter-output>
        </test-method> <!-- dropDown -->
        <test-method status="PASS" signature="statusEmpty()[pri:0, instance:test.Home@6e26a4ce]" name="statusEmpty" duration-ms="2660" started-at="2014-02-20T13:32:59Z" description="handle pop-up for empty status" finished-at="2014-02-20T13:33:01Z">
          <reporter-output>
          </reporter-output>
        </test-method> <!-- statusEmpty -->
        <test-method status="PASS" signature="statusHappy()[pri:0, instance:test.Home@6e26a4ce]" name="statusHappy" duration-ms="1842" started-at="2014-02-20T13:33:01Z" description="update happy status" finished-at="2014-02-20T13:33:03Z">
          <reporter-output>
          </reporter-output>
        </test-method> <!-- statusHappy -->
        <test-method status="PASS" signature="toolTip()[pri:0, instance:test.Home@6e26a4ce]" name="toolTip" duration-ms="1000" started-at="2014-02-20T13:33:03Z" description="Find the tool tip" finished-at="2014-02-20T13:33:04Z">
          <reporter-output>
          </reporter-output>
        </test-method> <!-- toolTip -->
      </class> <!-- test.Home -->
      <class name="test.Logout">
        <test-method status="PASS" signature="logoutTest()[pri:0, instance:test.Logout@27242aae]" name="logoutTest" duration-ms="1795" started-at="2014-02-20T13:33:04Z" description="Logout" finished-at="2014-02-20T13:33:06Z">
          <reporter-output>
          </reporter-output>
        </test-method> <!-- logoutTest -->
        <test-method status="PASS" signature="afterClass()[pri:0, instance:test.Logout@27242aae]" name="afterClass" is-config="true" duration-ms="95" started-at="2014-02-20T13:33:06Z" finished-at="2014-02-20T13:33:06Z">
          <reporter-output>
          </reporter-output>
        </test-method> <!-- afterClass -->
      </class> <!-- test.Logout -->
      <class name="test.Login">
        <test-method status="PASS" signature="BeforeClass(java.lang.String)[pri:0, instance:test.Login@5cb1e877]" name="BeforeClass" is-config="true" duration-ms="11101" started-at="2014-02-20T13:32:28Z" finished-at="2014-02-20T13:32:39Z">
          <params>
            <param index="0">
              <value>
                <![CDATA[firefox]]>
              </value>
            </param>
          </params>
          <reporter-output>
          </reporter-output>
        </test-method> <!-- BeforeClass -->
        <test-method status="PASS" signature="EmptyLoginTest()[pri:0, instance:test.Login@5cb1e877]" name="EmptyLoginTest" duration-ms="4334" started-at="2014-02-20T13:32:39Z" description="Login with no value" finished-at="2014-02-20T13:32:43Z">
          <reporter-output>
          </reporter-output>
        </test-method> <!-- EmptyLoginTest -->
        <test-method status="PASS" signature="InvalidLoginTest()[pri:0, instance:test.Login@5cb1e877]" name="InvalidLoginTest" duration-ms="1148" started-at="2014-02-20T13:32:43Z" description="Login with invalid value" finished-at="2014-02-20T13:32:45Z">
          <reporter-output>
          </reporter-output>
        </test-method> <!-- InvalidLoginTest -->
      </class> <!-- test.Login -->
    </test> <!-- Test1 - FireFox -->
  </suite> <!-- Suite1 -->
</testng-results>
