<?xml version="1.0" encoding="UTF-8"?>
<testng-results skipped="0" failed="0" total="3" passed="3">
  <reporter-output>
  </reporter-output>
  <suite name="Suite1" duration-ms="20481" started-at="2014-02-16T20:38:10Z" finished-at="2014-02-16T20:38:30Z">
    <groups>
    </groups>
    <test name="test1" duration-ms="20481" started-at="2014-02-16T20:38:10Z" finished-at="2014-02-16T20:38:30Z">
      <class name="test.Logout">
        <test-method status="PASS" signature="logoutTest()[pri:0, instance:test.Logout@735c3f7b]" name="logoutTest" duration-ms="7598" started-at="2014-02-16T12:38:23Z" finished-at="2014-02-16T12:38:30Z">
          <reporter-output>
          </reporter-output>
        </test-method> <!-- logoutTest -->
        <test-method status="PASS" signature="afterClass()[pri:0, instance:test.Logout@735c3f7b]" name="afterClass" is-config="true" duration-ms="86" started-at="2014-02-16T12:38:30Z" finished-at="2014-02-16T12:38:30Z">
          <reporter-output>
          </reporter-output>
        </test-method> <!-- afterClass -->
      </class> <!-- test.Logout -->
      <class name="test.Login">
        <test-method status="PASS" signature="beforeTest()[pri:0, instance:test.Login@36263003]" name="beforeTest" is-config="true" duration-ms="10106" started-at="2014-02-16T12:38:10Z" finished-at="2014-02-16T12:38:20Z">
          <reporter-output>
          </reporter-output>
        </test-method> <!-- beforeTest -->
        <test-method status="PASS" signature="EmptyLoginTest()[pri:0, instance:test.Login@36263003]" name="EmptyLoginTest" duration-ms="1353" started-at="2014-02-16T12:38:20Z" finished-at="2014-02-16T12:38:21Z">
          <reporter-output>
          </reporter-output>
        </test-method> <!-- EmptyLoginTest -->
        <test-method status="PASS" signature="InvalidLoginTest()[pri:0, instance:test.Login@36263003]" name="InvalidLoginTest" duration-ms="1320" started-at="2014-02-16T12:38:21Z" finished-at="2014-02-16T12:38:23Z">
          <reporter-output>
          </reporter-output>
        </test-method> <!-- InvalidLoginTest -->
      </class> <!-- test.Login -->
    </test> <!-- test1 -->
  </suite> <!-- Suite1 -->
</testng-results>
