<?xml version="1.0" encoding="UTF-8"?>
<testng-results skipped="0" failed="0" total="1" passed="1">
  <reporter-output>
  </reporter-output>
  <suite name="Default suite" duration-ms="11424" started-at="2014-02-14T22:37:42Z" finished-at="2014-02-14T22:37:53Z">
    <groups>
    </groups>
    <test name="Default test" duration-ms="11424" started-at="2014-02-14T22:37:42Z" finished-at="2014-02-14T22:37:53Z">
      <class name="test.Login">
        <test-method status="PASS" signature="beforeTest()[pri:0, instance:test.Login@2f109238]" name="beforeTest" is-config="true" duration-ms="2187" started-at="2014-02-14T14:37:42Z" finished-at="2014-02-14T14:37:44Z">
          <reporter-output>
          </reporter-output>
        </test-method> <!-- beforeTest -->
        <test-method status="PASS" signature="searchTest()[pri:0, instance:test.Login@2f109238]" name="searchTest" duration-ms="9139" started-at="2014-02-14T14:37:44Z" finished-at="2014-02-14T14:37:53Z">
          <reporter-output>
          </reporter-output>
        </test-method> <!-- searchTest -->
        <test-method status="PASS" signature="afterClass()[pri:0, instance:test.Login@2f109238]" name="afterClass" is-config="true" duration-ms="87" started-at="2014-02-14T14:37:53Z" finished-at="2014-02-14T14:37:53Z">
          <reporter-output>
          </reporter-output>
        </test-method> <!-- afterClass -->
      </class> <!-- test.Login -->
    </test> <!-- Default test -->
  </suite> <!-- Default suite -->
</testng-results>
